e:\haibara\documents\visual studio 2015\projects\gameengine\gameengine\debug\vc140.pdb
e:\haibara\documents\visual studio 2015\projects\gameengine\gameengine\debug\main.obj
e:\haibara\documents\visual studio 2015\projects\gameengine\gameengine\debug\tinyxml2.obj
e:\haibara\documents\visual studio 2015\projects\gameengine\gameengine\debug\.netframework,version=v4.0.assemblyattributes.obj
e:\haibara\documents\visual studio 2015\projects\gameengine\gameengine\debug\.netframework,version=v4.0.assemblyattributes.asm
e:\haibara\documents\visual studio 2015\projects\gameengine\debug\gameengine.exe
e:\haibara\documents\visual studio 2015\projects\gameengine\debug\gameengine.pdb
e:\haibara\documents\visual studio 2015\projects\gameengine\gameengine\debug\gameengine.vcxprojresolveassemblyreference.cache
e:\haibara\documents\visual studio 2015\projects\gameengine\gameengine\debug\gameengine.tlog\cl.command.1.tlog
e:\haibara\documents\visual studio 2015\projects\gameengine\gameengine\debug\gameengine.tlog\cl.read.1.tlog
e:\haibara\documents\visual studio 2015\projects\gameengine\gameengine\debug\gameengine.tlog\cl.write.1.tlog
e:\haibara\documents\visual studio 2015\projects\gameengine\gameengine\debug\gameengine.tlog\link.command.1.tlog
e:\haibara\documents\visual studio 2015\projects\gameengine\gameengine\debug\gameengine.tlog\link.read.1.tlog
e:\haibara\documents\visual studio 2015\projects\gameengine\gameengine\debug\gameengine.tlog\link.write.1.tlog
e:\haibara\documents\visual studio 2015\projects\gameengine\gameengine\debug\gameengine.tlog\metagen.read.1.tlog
e:\haibara\documents\visual studio 2015\projects\gameengine\gameengine\debug\gameengine.tlog\metagen.write.1.tlog
e:\haibara\documents\visual studio 2015\projects\gameengine\gameengine\debug\gameengine.tlog\rc.command.1.tlog
e:\haibara\documents\visual studio 2015\projects\gameengine\gameengine\debug\gameengine.tlog\rc.read.1.tlog
e:\haibara\documents\visual studio 2015\projects\gameengine\gameengine\debug\gameengine.tlog\rc.write.1.tlog
e:\haibara\documents\visual studio 2015\projects\gameengine\gameengine\debug\gameengine.tlog\tzres.dll.bi
e:\haibara\documents\visual studio 2015\projects\gameengine\gameengine\debug\gameengine.tlog\wifihelper.dll.bi
